<?xml version="1.0" encoding="UTF-8"?>
<!-- Generated by org.testng.reporters.JUnitXMLReporter -->
<testsuite ignored="2" hostname="QT-INHD-LT0345" failures="0" tests="2" name="Test11" time="3.029" errors="0" timestamp="2024-06-27T13:12:23 IST">
  <testcase classname="demo.TESTNGBasics" name="testCase1" time="1.009"/>
  <testcase classname="demo.SeleniumBasics" name="testBrowser" time="3.025"/>
  <testcase classname="demo.TESTNGBasics" name="testCase3" time="0.0">
    <ignored/>
  </testcase> <!-- testCase3 -->
  <testcase classname="demo.TESTNGBasics" name="testCase2" time="0.0">
    <ignored/>
  </testcase> <!-- testCase2 -->
</testsuite> <!-- Test11 -->
